Logan Garcia

Log for PHZ3150 Fall 2022

***** IN : Thursday Aug 25 12:42 pm ET 2022 *****

Opened TextEdit, started this log, saved as:  
Desktop/0-phz3150-LoganGarcia.log

Downloaded anaconda navigator

***** OUt : Thursday Aug 25 1:21 pm ET 2022 *****

***** IN : Friday Aug 26 10:35 pm ET 2022 *****

UCF Physics PHZ 3150: Introduction to Numerical Computing

Name: Logan Garcia

Email: logan.garcia2000@knights.ucf.edu

Phone: 803-818-8354

Major: Interdisiplinary Studies

Year: 5th year

ID: lo492446

How did you hear about this course?

It was on a list of courses to take with my physics minor

Do you have a laptop you can bring to class, install software on, etc.?

Yes

What operating system and version does it run?

Windows 10

How much free disk space does it have?

43GB

What operating systems are you comfortable working in?

Windows

What computer classes have you taken, including high school,
extracurricular, etc.?

Computer intergrated manufacturing

Have you ever programmed a computer?

yes, with my father

In what language(s)?

C

Summarize your experience:

very frustrating

Have you taken statistics or probability?

No

Why are you taking this course?

For my phsics minor

Are there particular topics you hope to learn?

No there is not.

If you have worked with scientific data or modeling before, briefly
describe your experience:

N/A

Have you ever been involved with a science club or similar?  If so,
describe:

N/A

***** OUT : Friday Aug 26 10:49 pm ET 2022 *****

***** IN : Thursday  Sep 1 11:32 am ET 2022 *****

Installed the Anaconda Navigator. Was quite simple, typed it in on google and hit download. Once it was finished i had all the programs needed (jupyter notebook, etc...)
 URL : https://docs.anaconda.com/anaconda/navigator/
 installed on desktop.

**** Out : Thursday Sep 1 11:57 am ET 2022 *****